Input File: rect.svg
Output File: gcode_output/rect.gcode
Log File: log/rect.log

wdth: 400
hght: 110
scale: 0.375
x%: 0.375
y%: 1.36363636364
--Found Elem: <Element 'svg' at 0x7f820d1c3c10>
  --No Name: svg
--Found Elem: <Element 'rect' at 0x7f820d1c3c50>
  --Name: rect
	Class : <class 'shapes.rect'>
	Object: <Element 'rect' at 0x7f820d1c3c50>
	Attrs : [('width', '300'), ('style', 'fill:rgb(0,0,255);stroke-width:3;stroke:rgb(0,0,0)'), ('height', '100')]
	Transform: None
	d: M 0 0 l 300.0 0 l 0 100.0 l -300.0 0 Z
	m: None
	d is GOOD!
	Points: <generator object point_generator at 0x7f820d1c4820>
	  pt: (0.0, 150.0)
	    --Point printed
	  pt: (0.0, 150.0)
	    --Point printed
	  pt: (112.5, 150.0)
	    --Point printed
	  pt: (112.5, 112.5)
	    --Point printed
	  pt: (0.0, 112.5)
	    --Point printed
	  pt: (0.0, 150.0)
	    --Point printed
